# JRE version: OpenJDK Runtime Environment Temurin-17.0.10+7 (17.0.10+7) (build 17.0.10+7)
# Java VM: OpenJDK 64-Bit Server VM Temurin-17.0.10+7 (17.0.10+7, mixed mode, tiered, compressed oops, compressed class ptrs, parallel gc, windows-amd64)
GC Precious Log:
 CPUs: 8 total, 8 available
 Memory: 8098M
 Large Page Support: Disabled
 NUMA Support: Disabled
 Compressed Oops: Enabled (32-bit)
 Alignments: Space 512K, Generation 512K, Heap 2M
 Heap Min Capacity: 100M
 Heap Initial Capacity: 100M
 Heap Max Capacity: 1G
 Pre-touch: Disabled
 Parallel Workers: 8
Heap:
 PSYoungGen      total 7680K, used 1815K [0x00000000eab00000, 0x00000000eb500000, 0x0000000100000000)
  eden space 6144K, 4% used [0x00000000eab00000,0x00000000eab49d80,0x00000000eb100000)
  from space 1536K, 98% used [0x00000000eb100000,0x00000000eb27c050,0x00000000eb280000)
  to   space 2048K, 0% used [0x00000000eb300000,0x00000000eb300000,0x00000000eb500000)
 ParOldGen       total 100864K, used 94371K [0x00000000c0000000, 0x00000000c6280000, 0x00000000eab00000)
  object space 100864K, 93% used [0x00000000c0000000,0x00000000c5c28f78,0x00000000c6280000)
 Metaspace       used 93717K, committed 95104K, reserved 1179648K
  class space    used 9086K, committed 9728K, reserved 1048576K
GC Heap History (20 events):
Event: 105602.124 GC heap before
{Heap before GC invocations=18131 (full 442):
 PSYoungGen      total 7680K, used 7662K [0x00000000eab00000, 0x00000000eb680000, 0x0000000100000000)
  eden space 6656K, 99% used [0x00000000eab00000,0x00000000eb17fff0,0x00000000eb180000)
  from space 1024K, 98% used [0x00000000eb180000,0x00000000eb27bbb0,0x00000000eb280000)
  to   space 2560K, 0% used [0x00000000eb400000,0x00000000eb400000,0x00000000eb680000)
 ParOldGen       total 100864K, used 93411K [0x00000000c0000000, 0x00000000c6280000, 0x00000000eab00000)
  object space 100864K, 92% used [0x00000000c0000000,0x00000000c5b38f58,0x00000000c6280000)
 Metaspace       used 93689K, committed 95104K, reserved 1179648K
  class space    used 9080K, committed 9728K, reserved 1048576K
}
Event: 105602.125 GC heap after
{Heap after GC invocations=18131 (full 442):
 PSYoungGen      total 7680K, used 576K [0x00000000eab00000, 0x00000000eb500000, 0x0000000100000000)
  eden space 6656K, 0% used [0x00000000eab00000,0x00000000eab00000,0x00000000eb180000)
  from space 1024K, 56% used [0x00000000eb400000,0x00000000eb490020,0x00000000eb500000)
  to   space 1536K, 0% used [0x00000000eb200000,0x00000000eb200000,0x00000000eb380000)
 ParOldGen       total 100864K, used 93539K [0x00000000c0000000, 0x00000000c6280000, 0x00000000eab00000)
  object space 100864K, 92% used [0x00000000c0000000,0x00000000c5b58f58,0x00000000c6280000)
 Metaspace       used 93689K, committed 95104K, reserved 1179648K
  class space    used 9080K, committed 9728K, reserved 1048576K
}
Event: 105602.810 GC heap before
{Heap before GC invocations=18132 (full 442):
 PSYoungGen      total 7680K, used 7227K [0x00000000eab00000, 0x00000000eb500000, 0x0000000100000000)
  eden space 6656K, 99% used [0x00000000eab00000,0x00000000eb17ee30,0x00000000eb180000)
  from space 1024K, 56% used [0x00000000eb400000,0x00000000eb490020,0x00000000eb500000)
  to   space 1536K, 0% used [0x00000000eb200000,0x00000000eb200000,0x00000000eb380000)
 ParOldGen       total 100864K, used 93539K [0x00000000c0000000, 0x00000000c6280000, 0x00000000eab00000)
  object space 100864K, 92% used [0x00000000c0000000,0x00000000c5b58f58,0x00000000c6280000)
 Metaspace       used 93712K, committed 95104K, reserved 1179648K
  class space    used 9085K, committed 9728K, reserved 1048576K
}
Event: 105602.812 GC heap after
{Heap after GC invocations=18132 (full 442):
 PSYoungGen      total 8192K, used 1440K [0x00000000eab00000, 0x00000000eb580000, 0x0000000100000000)
  eden space 6656K, 0% used [0x00000000eab00000,0x00000000eab00000,0x00000000eb180000)
  from space 1536K, 93% used [0x00000000eb200000,0x00000000eb368060,0x00000000eb380000)
  to   space 2048K, 0% used [0x00000000eb380000,0x00000000eb380000,0x00000000eb580000)
 ParOldGen       total 100864K, used 93547K [0x00000000c0000000, 0x00000000c6280000, 0x00000000eab00000)
  object space 100864K, 92% used [0x00000000c0000000,0x00000000c5b5af58,0x00000000c6280000)
 Metaspace       used 93712K, committed 95104K, reserved 1179648K
  class space    used 9085K, committed 9728K, reserved 1048576K
}
Event: 105605.065 GC heap before
{Heap before GC invocations=18133 (full 442):
 PSYoungGen      total 8192K, used 8096K [0x00000000eab00000, 0x00000000eb580000, 0x0000000100000000)
  eden space 6656K, 100% used [0x00000000eab00000,0x00000000eb180000,0x00000000eb180000)
  from space 1536K, 93% used [0x00000000eb200000,0x00000000eb368060,0x00000000eb380000)
  to   space 2048K, 0% used [0x00000000eb380000,0x00000000eb380000,0x00000000eb580000)
 ParOldGen       total 100864K, used 93547K [0x00000000c0000000, 0x00000000c6280000, 0x00000000eab00000)
  object space 100864K, 92% used [0x00000000c0000000,0x00000000c5b5af58,0x00000000c6280000)
 Metaspace       used 93712K, committed 95104K, reserved 1179648K
  class space    used 9085K, committed 9728K, reserved 1048576K
}
Event: 105605.068 GC heap after
{Heap after GC invocations=18133 (full 442):
 PSYoungGen      total 7680K, used 848K [0x00000000eab00000, 0x00000000eb480000, 0x0000000100000000)
  eden space 6656K, 0% used [0x00000000eab00000,0x00000000eab00000,0x00000000eb180000)
  from space 1024K, 82% used [0x00000000eb380000,0x00000000eb454050,0x00000000eb480000)
  to   space 1536K, 0% used [0x00000000eb180000,0x00000000eb180000,0x00000000eb300000)
 ParOldGen       total 100864K, used 93547K [0x00000000c0000000, 0x00000000c6280000, 0x00000000eab00000)
  object space 100864K, 92% used [0x00000000c0000000,0x00000000c5b5af58,0x00000000c6280000)
 Metaspace       used 93712K, committed 95104K, reserved 1179648K
  class space    used 9085K, committed 9728K, reserved 1048576K
}
Event: 105605.765 GC heap before
{Heap before GC invocations=18134 (full 442):
 PSYoungGen      total 7680K, used 7504K [0x00000000eab00000, 0x00000000eb480000, 0x0000000100000000)
  eden space 6656K, 100% used [0x00000000eab00000,0x00000000eb180000,0x00000000eb180000)
  from space 1024K, 82% used [0x00000000eb380000,0x00000000eb454050,0x00000000eb480000)
  to   space 1536K, 0% used [0x00000000eb180000,0x00000000eb180000,0x00000000eb300000)
 ParOldGen       total 100864K, used 93547K [0x00000000c0000000, 0x00000000c6280000, 0x00000000eab00000)
  object space 100864K, 92% used [0x00000000c0000000,0x00000000c5b5af58,0x00000000c6280000)
 Metaspace       used 93712K, committed 95104K, reserved 1179648K
  class space    used 9085K, committed 9728K, reserved 1048576K
}
Event: 105605.767 GC heap after
{Heap after GC invocations=18134 (full 442):
 PSYoungGen      total 8192K, used 880K [0x00000000eab00000, 0x00000000eb400000, 0x0000000100000000)
  eden space 6656K, 0% used [0x00000000eab00000,0x00000000eab00000,0x00000000eb180000)
  from space 1536K, 57% used [0x00000000eb180000,0x00000000eb25c050,0x00000000eb300000)
  to   space 1024K, 0% used [0x00000000eb300000,0x00000000eb300000,0x00000000eb400000)
 ParOldGen       total 100864K, used 93547K [0x00000000c0000000, 0x00000000c6280000, 0x00000000eab00000)
  object space 100864K, 92% used [0x00000000c0000000,0x00000000c5b5af58,0x00000000c6280000)
 Metaspace       used 93712K, committed 95104K, reserved 1179648K
  class space    used 9085K, committed 9728K, reserved 1048576K
}
Event: 105609.802 GC heap before
{Heap before GC invocations=18135 (full 442):
 PSYoungGen      total 8192K, used 7536K [0x00000000eab00000, 0x00000000eb400000, 0x0000000100000000)
  eden space 6656K, 99% used [0x00000000eab00000,0x00000000eb17ffc0,0x00000000eb180000)
  from space 1536K, 57% used [0x00000000eb180000,0x00000000eb25c050,0x00000000eb300000)
  to   space 1024K, 0% used [0x00000000eb300000,0x00000000eb300000,0x00000000eb400000)
 ParOldGen       total 100864K, used 93547K [0x00000000c0000000, 0x00000000c6280000, 0x00000000eab00000)
  object space 100864K, 92% used [0x00000000c0000000,0x00000000c5b5af58,0x00000000c6280000)
 Metaspace       used 93712K, committed 95104K, reserved 1179648K
  class space    used 9085K, committed 9728K, reserved 1048576K
}
Event: 105609.804 GC heap after
{Heap after GC invocations=18135 (full 442):
 PSYoungGen      total 7680K, used 912K [0x00000000eab00000, 0x00000000eb400000, 0x0000000100000000)
  eden space 6656K, 0% used [0x00000000eab00000,0x00000000eab00000,0x00000000eb180000)
  from space 1024K, 89% used [0x00000000eb300000,0x00000000eb3e4050,0x00000000eb400000)
  to   space 1024K, 0% used [0x00000000eb200000,0x00000000eb200000,0x00000000eb300000)
 ParOldGen       total 100864K, used 93547K [0x00000000c0000000, 0x00000000c6280000, 0x00000000eab00000)
  object space 100864K, 92% used [0x00000000c0000000,0x00000000c5b5af58,0x00000000c6280000)
 Metaspace       used 93712K, committed 95104K, reserved 1179648K
  class space    used 9085K, committed 9728K, reserved 1048576K
}
Event: 105611.060 GC heap before
{Heap before GC invocations=18136 (full 442):
 PSYoungGen      total 7680K, used 7568K [0x00000000eab00000, 0x00000000eb400000, 0x0000000100000000)
  eden space 6656K, 100% used [0x00000000eab00000,0x00000000eb180000,0x00000000eb180000)
  from space 1024K, 89% used [0x00000000eb300000,0x00000000eb3e4050,0x00000000eb400000)
  to   space 1024K, 0% used [0x00000000eb200000,0x00000000eb200000,0x00000000eb300000)
 ParOldGen       total 100864K, used 93547K [0x00000000c0000000, 0x00000000c6280000, 0x00000000eab00000)
  object space 100864K, 92% used [0x00000000c0000000,0x00000000c5b5af58,0x00000000c6280000)
 Metaspace       used 93715K, committed 95104K, reserved 1179648K
  class space    used 9085K, committed 9728K, reserved 1048576K
}
Event: 105611.062 GC heap after
{Heap after GC invocations=18136 (full 442):
 PSYoungGen      total 7680K, used 688K [0x00000000eab00000, 0x00000000eb380000, 0x0000000100000000)
  eden space 6656K, 0% used [0x00000000eab00000,0x00000000eab00000,0x00000000eb180000)
  from space 1024K, 67% used [0x00000000eb200000,0x00000000eb2ac070,0x00000000eb300000)
  to   space 512K, 0% used [0x00000000eb300000,0x00000000eb300000,0x00000000eb380000)
 ParOldGen       total 100864K, used 93547K [0x00000000c0000000, 0x00000000c6280000, 0x00000000eab00000)
  object space 100864K, 92% used [0x00000000c0000000,0x00000000c5b5af58,0x00000000c6280000)
 Metaspace       used 93715K, committed 95104K, reserved 1179648K
  class space    used 9085K, committed 9728K, reserved 1048576K
}
Event: 105612.291 GC heap before
{Heap before GC invocations=18137 (full 442):
 PSYoungGen      total 7680K, used 7344K [0x00000000eab00000, 0x00000000eb380000, 0x0000000100000000)
  eden space 6656K, 100% used [0x00000000eab00000,0x00000000eb180000,0x00000000eb180000)
  from space 1024K, 67% used [0x00000000eb200000,0x00000000eb2ac070,0x00000000eb300000)
  to   space 512K, 0% used [0x00000000eb300000,0x00000000eb300000,0x00000000eb380000)
 ParOldGen       total 100864K, used 93547K [0x00000000c0000000, 0x00000000c6280000, 0x00000000eab00000)
  object space 100864K, 92% used [0x00000000c0000000,0x00000000c5b5af58,0x00000000c6280000)
 Metaspace       used 93715K, committed 95104K, reserved 1179648K
  class space    used 9085K, committed 9728K, reserved 1048576K
}
Event: 105612.294 GC heap after
{Heap after GC invocations=18137 (full 442):
 PSYoungGen      total 7168K, used 496K [0x00000000eab00000, 0x00000000eb380000, 0x0000000100000000)
  eden space 6656K, 0% used [0x00000000eab00000,0x00000000eab00000,0x00000000eb180000)
  from space 512K, 96% used [0x00000000eb300000,0x00000000eb37c050,0x00000000eb380000)
  to   space 1024K, 0% used [0x00000000eb180000,0x00000000eb180000,0x00000000eb280000)
 ParOldGen       total 100864K, used 93931K [0x00000000c0000000, 0x00000000c6280000, 0x00000000eab00000)
  object space 100864K, 93% used [0x00000000c0000000,0x00000000c5bbaf78,0x00000000c6280000)
 Metaspace       used 93715K, committed 95104K, reserved 1179648K
  class space    used 9085K, committed 9728K, reserved 1048576K
}
Event: 105633.740 GC heap before
{Heap before GC invocations=18138 (full 442):
 PSYoungGen      total 7168K, used 7152K [0x00000000eab00000, 0x00000000eb380000, 0x0000000100000000)
  eden space 6656K, 100% used [0x00000000eab00000,0x00000000eb180000,0x00000000eb180000)
  from space 512K, 96% used [0x00000000eb300000,0x00000000eb37c050,0x00000000eb380000)
  to   space 1024K, 0% used [0x00000000eb180000,0x00000000eb180000,0x00000000eb280000)
 ParOldGen       total 100864K, used 93931K [0x00000000c0000000, 0x00000000c6280000, 0x00000000eab00000)
  object space 100864K, 93% used [0x00000000c0000000,0x00000000c5bbaf78,0x00000000c6280000)
 Metaspace       used 93715K, committed 95104K, reserved 1179648K
  class space    used 9085K, committed 9728K, reserved 1048576K
}
Event: 105633.740 GC heap after
{Heap after GC invocations=18138 (full 442):
 PSYoungGen      total 7680K, used 576K [0x00000000eab00000, 0x00000000eb380000, 0x0000000100000000)
  eden space 6656K, 0% used [0x00000000eab00000,0x00000000eab00000,0x00000000eb180000)
  from space 1024K, 56% used [0x00000000eb180000,0x00000000eb210040,0x00000000eb280000)
  to   space 1024K, 0% used [0x00000000eb280000,0x00000000eb280000,0x00000000eb380000)
 ParOldGen       total 100864K, used 93971K [0x00000000c0000000, 0x00000000c6280000, 0x00000000eab00000)
  object space 100864K, 93% used [0x00000000c0000000,0x00000000c5bc4f78,0x00000000c6280000)
 Metaspace       used 93715K, committed 95104K, reserved 1179648K
  class space    used 9085K, committed 9728K, reserved 1048576K
}
Event: 105633.880 GC heap before
{Heap before GC invocations=18139 (full 442):
 PSYoungGen      total 7680K, used 7232K [0x00000000eab00000, 0x00000000eb380000, 0x0000000100000000)
  eden space 6656K, 100% used [0x00000000eab00000,0x00000000eb180000,0x00000000eb180000)
  from space 1024K, 56% used [0x00000000eb180000,0x00000000eb210040,0x00000000eb280000)
  to   space 1024K, 0% used [0x00000000eb280000,0x00000000eb280000,0x00000000eb380000)
 ParOldGen       total 100864K, used 93971K [0x00000000c0000000, 0x00000000c6280000, 0x00000000eab00000)
  object space 100864K, 93% used [0x00000000c0000000,0x00000000c5bc4f78,0x00000000c6280000)
 Metaspace       used 93717K, committed 95104K, reserved 1179648K
  class space    used 9086K, committed 9728K, reserved 1048576K
}
Event: 105633.882 GC heap after
{Heap after GC invocations=18139 (full 442):
 PSYoungGen      total 7168K, used 1008K [0x00000000eab00000, 0x00000000eb480000, 0x0000000100000000)
  eden space 6144K, 0% used [0x00000000eab00000,0x00000000eab00000,0x00000000eb100000)
  from space 1024K, 98% used [0x00000000eb280000,0x00000000eb37c050,0x00000000eb380000)
  to   space 1536K, 0% used [0x00000000eb100000,0x00000000eb100000,0x00000000eb280000)
 ParOldGen       total 100864K, used 94035K [0x00000000c0000000, 0x00000000c6280000, 0x00000000eab00000)
  object space 100864K, 93% used [0x00000000c0000000,0x00000000c5bd4f78,0x00000000c6280000)
 Metaspace       used 93717K, committed 95104K, reserved 1179648K
  class space    used 9086K, committed 9728K, reserved 1048576K
}
Event: 105633.978 GC heap before
{Heap before GC invocations=18140 (full 442):
 PSYoungGen      total 7168K, used 7152K [0x00000000eab00000, 0x00000000eb480000, 0x0000000100000000)
  eden space 6144K, 100% used [0x00000000eab00000,0x00000000eb100000,0x00000000eb100000)
  from space 1024K, 98% used [0x00000000eb280000,0x00000000eb37c050,0x00000000eb380000)
  to   space 1536K, 0% used [0x00000000eb100000,0x00000000eb100000,0x00000000eb280000)
 ParOldGen       total 100864K, used 94035K [0x00000000c0000000, 0x00000000c6280000, 0x00000000eab00000)
  object space 100864K, 93% used [0x00000000c0000000,0x00000000c5bd4f78,0x00000000c6280000)
 Metaspace       used 93717K, committed 95104K, reserved 1179648K
  class space    used 9086K, committed 9728K, reserved 1048576K
}
Event: 105633.980 GC heap after
{Heap after GC invocations=18140 (full 442):
 PSYoungGen      total 7680K, used 1520K [0x00000000eab00000, 0x00000000eb500000, 0x0000000100000000)
  eden space 6144K, 0% used [0x00000000eab00000,0x00000000eab00000,0x00000000eb100000)
  from space 1536K, 98% used [0x00000000eb100000,0x00000000eb27c050,0x00000000eb280000)
  to   space 2048K, 0% used [0x00000000eb300000,0x00000000eb300000,0x00000000eb500000)
 ParOldGen       total 100864K, used 94371K [0x00000000c0000000, 0x00000000c6280000, 0x00000000eab00000)
  object space 100864K, 93% used [0x00000000c0000000,0x00000000c5c28f78,0x00000000c6280000)
 Metaspace       used 93717K, committed 95104K, reserved 1179648K
  class space    used 9086K, committed 9728K, reserved 1048576K
}

